{"C:\\Users\\olzas\\Downloads\\final-epam\\cv-app\\src\\App.jsx": {"path":"C:\\Users\\olzas\\Downloads\\final-epam\\cv-app\\src\\App.jsx","statementMap":{"0":{"start":{"line":9,"column":2},"end":{"line":16,"column":3}}},"fnMap":{"0":{"name":"App","decl":{"start":{"line":8,"column":9},"end":{"line":8,"column":12}},"loc":{"start":{"line":8,"column":15},"end":{"line":17,"column":1}},"line":8}},"branchMap":{},"s":{"0":2},"f":{"0":2},"b":{},"_coverageSchema":"1a1c01bbd47fc00a2c39e90264f33305004495a9","hash":"5b83f99f1b43f16ea77d9a1b2ef77041e8e95511"}
,"C:\\Users\\olzas\\Downloads\\final-epam\\cv-app\\src\\app\\store.js": {"path":"C:\\Users\\olzas\\Downloads\\final-epam\\cv-app\\src\\app\\store.js","statementMap":{"0":{"start":{"line":5,"column":21},"end":{"line":10,"column":2}}},"fnMap":{},"branchMap":{},"s":{"0":2},"f":{},"b":{},"_coverageSchema":"1a1c01bbd47fc00a2c39e90264f33305004495a9","hash":"86a9d2c21e974cd6adac40c903277e8504073a0f"}
,"C:\\Users\\olzas\\Downloads\\final-epam\\cv-app\\src\\components\\Address\\Address.jsx": {"path":"C:\\Users\\olzas\\Downloads\\final-epam\\cv-app\\src\\components\\Address\\Address.jsx","statementMap":{"0":{"start":{"line":3,"column":4},"end":{"line":55,"column":5}}},"fnMap":{"0":{"name":"Address","decl":{"start":{"line":2,"column":24},"end":{"line":2,"column":31}},"loc":{"start":{"line":2,"column":34},"end":{"line":56,"column":1}},"line":2}},"branchMap":{},"s":{"0":3},"f":{"0":3},"b":{},"_coverageSchema":"1a1c01bbd47fc00a2c39e90264f33305004495a9","hash":"e9fcc37276e2f4997b90362248da2e17eebd0613"}
,"C:\\Users\\olzas\\Downloads\\final-epam\\cv-app\\src\\components\\Box\\Box.jsx": {"path":"C:\\Users\\olzas\\Downloads\\final-epam\\cv-app\\src\\components\\Box\\Box.jsx","statementMap":{"0":{"start":{"line":3,"column":4},"end":{"line":10,"column":5}}},"fnMap":{"0":{"name":"Box","decl":{"start":{"line":2,"column":24},"end":{"line":2,"column":27}},"loc":{"start":{"line":2,"column":46},"end":{"line":11,"column":1}},"line":2}},"branchMap":{},"s":{"0":3},"f":{"0":3},"b":{},"_coverageSchema":"1a1c01bbd47fc00a2c39e90264f33305004495a9","hash":"ed1df79c5ddcb7e2bb0664ad2c1ce5ce527d3c3e"}
,"C:\\Users\\olzas\\Downloads\\final-epam\\cv-app\\src\\components\\Button\\Button.jsx": {"path":"C:\\Users\\olzas\\Downloads\\final-epam\\cv-app\\src\\components\\Button\\Button.jsx","statementMap":{"0":{"start":{"line":3,"column":4},"end":{"line":7,"column":5}}},"fnMap":{"0":{"name":"Button","decl":{"start":{"line":2,"column":24},"end":{"line":2,"column":30}},"loc":{"start":{"line":2,"column":68},"end":{"line":8,"column":1}},"line":2}},"branchMap":{},"s":{"0":7},"f":{"0":7},"b":{},"_coverageSchema":"1a1c01bbd47fc00a2c39e90264f33305004495a9","hash":"4d84abead8bf63070b6edbadaa4091ce6dc7be3e"}
,"C:\\Users\\olzas\\Downloads\\final-epam\\cv-app\\src\\components\\Expertise\\Expertise.jsx": {"path":"C:\\Users\\olzas\\Downloads\\final-epam\\cv-app\\src\\components\\Expertise\\Expertise.jsx","statementMap":{"0":{"start":{"line":4,"column":4},"end":{"line":20,"column":5}},"1":{"start":{"line":8,"column":16},"end":{"line":17,"column":22}}},"fnMap":{"0":{"name":"Expertise","decl":{"start":{"line":3,"column":24},"end":{"line":3,"column":33}},"loc":{"start":{"line":3,"column":42},"end":{"line":21,"column":1}},"line":3},"1":{"name":"(anonymous_1)","decl":{"start":{"line":7,"column":22},"end":{"line":7,"column":23}},"loc":{"start":{"line":8,"column":16},"end":{"line":17,"column":22}},"line":8}},"branchMap":{},"s":{"0":2,"1":4},"f":{"0":2,"1":4},"b":{},"_coverageSchema":"1a1c01bbd47fc00a2c39e90264f33305004495a9","hash":"f175ab8f22146722758d3afebc141c86fb338550"}
,"C:\\Users\\olzas\\Downloads\\final-epam\\cv-app\\src\\components\\Feedback\\Feedback.jsx": {"path":"C:\\Users\\olzas\\Downloads\\final-epam\\cv-app\\src\\components\\Feedback\\Feedback.jsx","statementMap":{"0":{"start":{"line":5,"column":4},"end":{"line":18,"column":5}},"1":{"start":{"line":9,"column":12},"end":{"line":15,"column":18}}},"fnMap":{"0":{"name":"Feedback","decl":{"start":{"line":4,"column":24},"end":{"line":4,"column":32}},"loc":{"start":{"line":4,"column":41},"end":{"line":19,"column":1}},"line":4},"1":{"name":"(anonymous_1)","decl":{"start":{"line":8,"column":18},"end":{"line":8,"column":19}},"loc":{"start":{"line":9,"column":12},"end":{"line":15,"column":18}},"line":9}},"branchMap":{},"s":{"0":2,"1":4},"f":{"0":2,"1":4},"b":{},"_coverageSchema":"1a1c01bbd47fc00a2c39e90264f33305004495a9","hash":"56e5bc95dc87d9a0152535d2b101b18aad31eff8"}
,"C:\\Users\\olzas\\Downloads\\final-epam\\cv-app\\src\\components\\Info\\Info.jsx": {"path":"C:\\Users\\olzas\\Downloads\\final-epam\\cv-app\\src\\components\\Info\\Info.jsx","statementMap":{"0":{"start":{"line":4,"column":4},"end":{"line":8,"column":5}}},"fnMap":{"0":{"name":"Info","decl":{"start":{"line":3,"column":24},"end":{"line":3,"column":28}},"loc":{"start":{"line":3,"column":37},"end":{"line":9,"column":1}},"line":3}},"branchMap":{},"s":{"0":5},"f":{"0":5},"b":{},"_coverageSchema":"1a1c01bbd47fc00a2c39e90264f33305004495a9","hash":"72a05b4cd05cd3b3ea8c7f92d62d645420c0445d"}
,"C:\\Users\\olzas\\Downloads\\final-epam\\cv-app\\src\\components\\Navigation\\Navigation.jsx": {"path":"C:\\Users\\olzas\\Downloads\\final-epam\\cv-app\\src\\components\\Navigation\\Navigation.jsx","statementMap":{"0":{"start":{"line":4,"column":4},"end":{"line":123,"column":6}}},"fnMap":{"0":{"name":"Navigation","decl":{"start":{"line":3,"column":24},"end":{"line":3,"column":34}},"loc":{"start":{"line":3,"column":37},"end":{"line":124,"column":1}},"line":3}},"branchMap":{},"s":{"0":1},"f":{"0":1},"b":{},"_coverageSchema":"1a1c01bbd47fc00a2c39e90264f33305004495a9","hash":"72f222eaa9bef8c1139a611967e3493ff19f8089"}
,"C:\\Users\\olzas\\Downloads\\final-epam\\cv-app\\src\\components\\Panel\\Panel.jsx": {"path":"C:\\Users\\olzas\\Downloads\\final-epam\\cv-app\\src\\components\\Panel\\Panel.jsx","statementMap":{"0":{"start":{"line":9,"column":4},"end":{"line":15,"column":191}},"1":{"start":{"line":19,"column":28},"end":{"line":19,"column":42}},"2":{"start":{"line":20,"column":21},"end":{"line":20,"column":34}},"3":{"start":{"line":21,"column":24},"end":{"line":21,"column":43}},"4":{"start":{"line":21,"column":30},"end":{"line":21,"column":43}},"5":{"start":{"line":23,"column":4},"end":{"line":47,"column":6}},"6":{"start":{"line":34,"column":39},"end":{"line":34,"column":55}},"7":{"start":{"line":34,"column":52},"end":{"line":34,"column":54}}},"fnMap":{"0":{"name":"Panel","decl":{"start":{"line":18,"column":24},"end":{"line":18,"column":29}},"loc":{"start":{"line":18,"column":32},"end":{"line":48,"column":1}},"line":18},"1":{"name":"(anonymous_1)","decl":{"start":{"line":21,"column":24},"end":{"line":21,"column":25}},"loc":{"start":{"line":21,"column":30},"end":{"line":21,"column":43}},"line":21},"2":{"name":"(anonymous_2)","decl":{"start":{"line":34,"column":33},"end":{"line":34,"column":34}},"loc":{"start":{"line":34,"column":39},"end":{"line":34,"column":55}},"line":34},"3":{"name":"(anonymous_3)","decl":{"start":{"line":34,"column":47},"end":{"line":34,"column":48}},"loc":{"start":{"line":34,"column":52},"end":{"line":34,"column":54}},"line":34}},"branchMap":{"0":{"loc":{"start":{"line":25,"column":47},"end":{"line":25,"column":71}},"type":"cond-expr","locations":[{"start":{"line":25,"column":54},"end":{"line":25,"column":56}},{"start":{"line":25,"column":58},"end":{"line":25,"column":71}}],"line":25},"1":{"loc":{"start":{"line":27,"column":44},"end":{"line":27,"column":84}},"type":"cond-expr","locations":[{"start":{"line":27,"column":51},"end":{"line":27,"column":64}},{"start":{"line":27,"column":67},"end":{"line":27,"column":84}}],"line":27},"2":{"loc":{"start":{"line":31,"column":53},"end":{"line":31,"column":92}},"type":"cond-expr","locations":[{"start":{"line":31,"column":59},"end":{"line":31,"column":72}},{"start":{"line":31,"column":75},"end":{"line":31,"column":92}}],"line":31}},"s":{"0":3,"1":14,"2":12,"3":0,"4":0,"5":0,"6":0,"7":0},"f":{"0":14,"1":0,"2":0,"3":0},"b":{"0":[0,0],"1":[0,0],"2":[0,0]},"_coverageSchema":"1a1c01bbd47fc00a2c39e90264f33305004495a9","hash":"a9aa21da03f2b038c11c075a82f4628e8407a6a8"}
,"C:\\Users\\olzas\\Downloads\\final-epam\\cv-app\\src\\components\\PhotoBox\\PhotoBox.jsx": {"path":"C:\\Users\\olzas\\Downloads\\final-epam\\cv-app\\src\\components\\PhotoBox\\PhotoBox.jsx","statementMap":{"0":{"start":{"line":3,"column":4},"end":{"line":12,"column":5}}},"fnMap":{"0":{"name":"PhotoBox","decl":{"start":{"line":2,"column":24},"end":{"line":2,"column":32}},"loc":{"start":{"line":2,"column":82},"end":{"line":13,"column":1}},"line":2}},"branchMap":{},"s":{"0":2},"f":{"0":2},"b":{},"_coverageSchema":"1a1c01bbd47fc00a2c39e90264f33305004495a9","hash":"44f5755ac5a9e79adab8159ee6c3fbfe2e288b5a"}
,"C:\\Users\\olzas\\Downloads\\final-epam\\cv-app\\src\\components\\Portfolio\\Portfolio.jsx": {"path":"C:\\Users\\olzas\\Downloads\\final-epam\\cv-app\\src\\components\\Portfolio\\Portfolio.jsx","statementMap":{"0":{"start":{"line":6,"column":34},"end":{"line":6,"column":48}},"1":{"start":{"line":7,"column":38},"end":{"line":7,"column":51}},"2":{"start":{"line":9,"column":4},"end":{"line":16,"column":11}},"3":{"start":{"line":10,"column":8},"end":{"line":15,"column":10}},"4":{"start":{"line":18,"column":4},"end":{"line":24,"column":29}},"5":{"start":{"line":19,"column":8},"end":{"line":23,"column":9}},"6":{"start":{"line":20,"column":12},"end":{"line":22,"column":63}},"7":{"start":{"line":26,"column":34},"end":{"line":26,"column":58}},"8":{"start":{"line":26,"column":41},"end":{"line":26,"column":58}},"9":{"start":{"line":28,"column":4},"end":{"line":88,"column":6}},"10":{"start":{"line":34,"column":35},"end":{"line":34,"column":61}},"11":{"start":{"line":41,"column":35},"end":{"line":41,"column":64}},"12":{"start":{"line":48,"column":35},"end":{"line":48,"column":62}}},"fnMap":{"0":{"name":"Portfolio","decl":{"start":{"line":5,"column":24},"end":{"line":5,"column":33}},"loc":{"start":{"line":5,"column":36},"end":{"line":89,"column":1}},"line":5},"1":{"name":"(anonymous_1)","decl":{"start":{"line":9,"column":14},"end":{"line":9,"column":15}},"loc":{"start":{"line":9,"column":20},"end":{"line":16,"column":5}},"line":9},"2":{"name":"(anonymous_2)","decl":{"start":{"line":18,"column":14},"end":{"line":18,"column":15}},"loc":{"start":{"line":18,"column":20},"end":{"line":24,"column":5}},"line":18},"3":{"name":"(anonymous_3)","decl":{"start":{"line":26,"column":34},"end":{"line":26,"column":35}},"loc":{"start":{"line":26,"column":41},"end":{"line":26,"column":58}},"line":26},"4":{"name":"(anonymous_4)","decl":{"start":{"line":34,"column":29},"end":{"line":34,"column":30}},"loc":{"start":{"line":34,"column":35},"end":{"line":34,"column":61}},"line":34},"5":{"name":"(anonymous_5)","decl":{"start":{"line":41,"column":29},"end":{"line":41,"column":30}},"loc":{"start":{"line":41,"column":35},"end":{"line":41,"column":64}},"line":41},"6":{"name":"(anonymous_6)","decl":{"start":{"line":48,"column":29},"end":{"line":48,"column":30}},"loc":{"start":{"line":48,"column":35},"end":{"line":48,"column":62}},"line":48}},"branchMap":{"0":{"loc":{"start":{"line":19,"column":8},"end":{"line":23,"column":9}},"type":"if","locations":[{"start":{"line":19,"column":8},"end":{"line":23,"column":9}},{"start":{},"end":{}}],"line":19},"1":{"loc":{"start":{"line":20,"column":12},"end":{"line":22,"column":62}},"type":"cond-expr","locations":[{"start":{"line":21,"column":18},"end":{"line":21,"column":50}},{"start":{"line":22,"column":18},"end":{"line":22,"column":62}}],"line":20},"2":{"loc":{"start":{"line":33,"column":58},"end":{"line":33,"column":96}},"type":"cond-expr","locations":[{"start":{"line":33,"column":78},"end":{"line":33,"column":91}},{"start":{"line":33,"column":94},"end":{"line":33,"column":96}}],"line":33},"3":{"loc":{"start":{"line":40,"column":58},"end":{"line":40,"column":99}},"type":"cond-expr","locations":[{"start":{"line":40,"column":81},"end":{"line":40,"column":94}},{"start":{"line":40,"column":97},"end":{"line":40,"column":99}}],"line":40},"4":{"loc":{"start":{"line":47,"column":58},"end":{"line":47,"column":97}},"type":"cond-expr","locations":[{"start":{"line":47,"column":79},"end":{"line":47,"column":92}},{"start":{"line":47,"column":95},"end":{"line":47,"column":97}}],"line":47}},"s":{"0":2,"1":2,"2":2,"3":0,"4":2,"5":0,"6":0,"7":2,"8":0,"9":2,"10":0,"11":0,"12":0},"f":{"0":2,"1":0,"2":0,"3":0,"4":0,"5":0,"6":0},"b":{"0":[0,0],"1":[0,0],"2":[2,0],"3":[0,2],"4":[0,2]},"_coverageSchema":"1a1c01bbd47fc00a2c39e90264f33305004495a9","hash":"73b12cdc6fb3525338224b94fdd8b24028182cf0"}
,"C:\\Users\\olzas\\Downloads\\final-epam\\cv-app\\src\\components\\Skills\\Skills.jsx": {"path":"C:\\Users\\olzas\\Downloads\\final-epam\\cv-app\\src\\components\\Skills\\Skills.jsx","statementMap":{"0":{"start":{"line":8,"column":25},"end":{"line":16,"column":2}},"1":{"start":{"line":19,"column":21},"end":{"line":19,"column":34}},"2":{"start":{"line":20,"column":19},"end":{"line":20,"column":59}},"3":{"start":{"line":20,"column":40},"end":{"line":20,"column":58}},"4":{"start":{"line":21,"column":40},"end":{"line":21,"column":55}},"5":{"start":{"line":23,"column":4},"end":{"line":25,"column":18}},"6":{"start":{"line":24,"column":8},"end":{"line":24,"column":31}},"7":{"start":{"line":27,"column":25},"end":{"line":35,"column":5}},"8":{"start":{"line":28,"column":8},"end":{"line":34,"column":9}},"9":{"start":{"line":29,"column":12},"end":{"line":29,"column":44}},"10":{"start":{"line":30,"column":12},"end":{"line":30,"column":23}},"11":{"start":{"line":31,"column":12},"end":{"line":31,"column":32}},"12":{"start":{"line":33,"column":12},"end":{"line":33,"column":53}},"13":{"start":{"line":37,"column":4},"end":{"line":132,"column":5}},"14":{"start":{"line":41,"column":62},"end":{"line":41,"column":81}},"15":{"start":{"line":65,"column":24},"end":{"line":106,"column":31}},"16":{"start":{"line":112,"column":20},"end":{"line":119,"column":26}}},"fnMap":{"0":{"name":"Skills","decl":{"start":{"line":18,"column":24},"end":{"line":18,"column":30}},"loc":{"start":{"line":18,"column":33},"end":{"line":133,"column":1}},"line":18},"1":{"name":"(anonymous_1)","decl":{"start":{"line":20,"column":31},"end":{"line":20,"column":32}},"loc":{"start":{"line":20,"column":40},"end":{"line":20,"column":58}},"line":20},"2":{"name":"(anonymous_2)","decl":{"start":{"line":23,"column":14},"end":{"line":23,"column":15}},"loc":{"start":{"line":23,"column":20},"end":{"line":25,"column":5}},"line":23},"3":{"name":"(anonymous_3)","decl":{"start":{"line":27,"column":25},"end":{"line":27,"column":26}},"loc":{"start":{"line":27,"column":58},"end":{"line":35,"column":5}},"line":27},"4":{"name":"(anonymous_4)","decl":{"start":{"line":41,"column":56},"end":{"line":41,"column":57}},"loc":{"start":{"line":41,"column":62},"end":{"line":41,"column":81}},"line":41},"5":{"name":"(anonymous_5)","decl":{"start":{"line":64,"column":21},"end":{"line":64,"column":22}},"loc":{"start":{"line":65,"column":24},"end":{"line":106,"column":31}},"line":65},"6":{"name":"(anonymous_6)","decl":{"start":{"line":111,"column":28},"end":{"line":111,"column":29}},"loc":{"start":{"line":112,"column":20},"end":{"line":119,"column":26}},"line":112}},"branchMap":{"0":{"loc":{"start":{"line":55,"column":13},"end":{"line":109,"column":13}},"type":"binary-expr","locations":[{"start":{"line":55,"column":13},"end":{"line":55,"column":23}},{"start":{"line":56,"column":16},"end":{"line":108,"column":25}}],"line":55},"1":{"loc":{"start":{"line":75,"column":83},"end":{"line":75,"column":145}},"type":"cond-expr","locations":[{"start":{"line":75,"column":123},"end":{"line":75,"column":140}},{"start":{"line":75,"column":143},"end":{"line":75,"column":145}}],"line":75},"2":{"loc":{"start":{"line":75,"column":83},"end":{"line":75,"column":120}},"type":"binary-expr","locations":[{"start":{"line":75,"column":83},"end":{"line":75,"column":100}},{"start":{"line":75,"column":104},"end":{"line":75,"column":120}}],"line":75},"3":{"loc":{"start":{"line":78,"column":37},"end":{"line":80,"column":37}},"type":"binary-expr","locations":[{"start":{"line":78,"column":37},"end":{"line":78,"column":54}},{"start":{"line":78,"column":58},"end":{"line":78,"column":74}},{"start":{"line":79,"column":40},"end":{"line":79,"column":94}}],"line":78},"4":{"loc":{"start":{"line":91,"column":84},"end":{"line":91,"column":148}},"type":"cond-expr","locations":[{"start":{"line":91,"column":126},"end":{"line":91,"column":143}},{"start":{"line":91,"column":146},"end":{"line":91,"column":148}}],"line":91},"5":{"loc":{"start":{"line":91,"column":84},"end":{"line":91,"column":123}},"type":"binary-expr","locations":[{"start":{"line":91,"column":84},"end":{"line":91,"column":102}},{"start":{"line":91,"column":106},"end":{"line":91,"column":123}}],"line":91},"6":{"loc":{"start":{"line":94,"column":37},"end":{"line":96,"column":37}},"type":"binary-expr","locations":[{"start":{"line":94,"column":37},"end":{"line":94,"column":55}},{"start":{"line":94,"column":59},"end":{"line":94,"column":76}},{"start":{"line":95,"column":40},"end":{"line":95,"column":95}}],"line":94},"7":{"loc":{"start":{"line":102,"column":42},"end":{"line":102,"column":60}},"type":"binary-expr","locations":[{"start":{"line":102,"column":42},"end":{"line":102,"column":50}},{"start":{"line":102,"column":54},"end":{"line":102,"column":60}}],"line":102}},"s":{"0":2,"1":2,"2":2,"3":4,"4":2,"5":2,"6":0,"7":2,"8":0,"9":0,"10":0,"11":0,"12":0,"13":2,"14":0,"15":0,"16":0},"f":{"0":2,"1":4,"2":0,"3":0,"4":0,"5":0,"6":0},"b":{"0":[2,0],"1":[0,0],"2":[0,0],"3":[0,0,0],"4":[0,0],"5":[0,0],"6":[0,0,0],"7":[0,0]},"_coverageSchema":"1a1c01bbd47fc00a2c39e90264f33305004495a9","hash":"ab41189e2a3a8f43734c6f73b919a55e16134426"}
,"C:\\Users\\olzas\\Downloads\\final-epam\\cv-app\\src\\components\\Timeline\\Timeline.jsx": {"path":"C:\\Users\\olzas\\Downloads\\final-epam\\cv-app\\src\\components\\Timeline\\Timeline.jsx","statementMap":{"0":{"start":{"line":7,"column":21},"end":{"line":7,"column":34}},"1":{"start":{"line":8,"column":30},"end":{"line":8,"column":67}},"2":{"start":{"line":8,"column":51},"end":{"line":8,"column":66}},"3":{"start":{"line":10,"column":4},"end":{"line":12,"column":18}},"4":{"start":{"line":11,"column":8},"end":{"line":11,"column":35}},"5":{"start":{"line":14,"column":4},"end":{"line":29,"column":5}},"6":{"start":{"line":15,"column":8},"end":{"line":28,"column":9}},"7":{"start":{"line":31,"column":4},"end":{"line":40,"column":5}},"8":{"start":{"line":32,"column":8},"end":{"line":39,"column":9}},"9":{"start":{"line":42,"column":4},"end":{"line":61,"column":5}},"10":{"start":{"line":48,"column":24},"end":{"line":56,"column":30}}},"fnMap":{"0":{"name":"Timeline","decl":{"start":{"line":6,"column":24},"end":{"line":6,"column":32}},"loc":{"start":{"line":6,"column":35},"end":{"line":62,"column":1}},"line":6},"1":{"name":"(anonymous_1)","decl":{"start":{"line":8,"column":42},"end":{"line":8,"column":43}},"loc":{"start":{"line":8,"column":51},"end":{"line":8,"column":66}},"line":8},"2":{"name":"(anonymous_2)","decl":{"start":{"line":10,"column":14},"end":{"line":10,"column":15}},"loc":{"start":{"line":10,"column":20},"end":{"line":12,"column":5}},"line":10},"3":{"name":"(anonymous_3)","decl":{"start":{"line":47,"column":40},"end":{"line":47,"column":41}},"loc":{"start":{"line":48,"column":24},"end":{"line":56,"column":30}},"line":48}},"branchMap":{"0":{"loc":{"start":{"line":14,"column":4},"end":{"line":29,"column":5}},"type":"if","locations":[{"start":{"line":14,"column":4},"end":{"line":29,"column":5}},{"start":{},"end":{}}],"line":14},"1":{"loc":{"start":{"line":31,"column":4},"end":{"line":40,"column":5}},"type":"if","locations":[{"start":{"line":31,"column":4},"end":{"line":40,"column":5}},{"start":{},"end":{}}],"line":31},"2":{"loc":{"start":{"line":47,"column":21},"end":{"line":57,"column":22}},"type":"binary-expr","locations":[{"start":{"line":47,"column":21},"end":{"line":47,"column":26}},{"start":{"line":47,"column":30},"end":{"line":57,"column":22}}],"line":47}},"s":{"0":2,"1":2,"2":4,"3":2,"4":0,"5":2,"6":0,"7":2,"8":0,"9":2,"10":0},"f":{"0":2,"1":4,"2":0,"3":0},"b":{"0":[0,2],"1":[0,2],"2":[2,2]},"_coverageSchema":"1a1c01bbd47fc00a2c39e90264f33305004495a9","hash":"15b747df4ffef400f474e718a7fbd50a23558712"}
,"C:\\Users\\olzas\\Downloads\\final-epam\\cv-app\\src\\features\\education\\educationSlice.js": {"path":"C:\\Users\\olzas\\Downloads\\final-epam\\cv-app\\src\\features\\education\\educationSlice.js","statementMap":{"0":{"start":{"line":3,"column":31},"end":{"line":18,"column":1}},"1":{"start":{"line":6,"column":8},"end":{"line":16,"column":9}},"2":{"start":{"line":7,"column":29},"end":{"line":7,"column":59}},"3":{"start":{"line":8,"column":12},"end":{"line":10,"column":13}},"4":{"start":{"line":9,"column":16},"end":{"line":9,"column":74}},"5":{"start":{"line":11,"column":25},"end":{"line":11,"column":46}},"6":{"start":{"line":12,"column":12},"end":{"line":12,"column":28}},"7":{"start":{"line":14,"column":12},"end":{"line":14,"column":49}},"8":{"start":{"line":15,"column":12},"end":{"line":15,"column":24}},"9":{"start":{"line":21,"column":21},"end":{"line":25,"column":1}},"10":{"start":{"line":27,"column":23},"end":{"line":45,"column":2}},"11":{"start":{"line":32,"column":4},"end":{"line":43,"column":14}},"12":{"start":{"line":34,"column":16},"end":{"line":34,"column":40}},"13":{"start":{"line":37,"column":16},"end":{"line":37,"column":42}},"14":{"start":{"line":38,"column":16},"end":{"line":38,"column":44}},"15":{"start":{"line":41,"column":16},"end":{"line":41,"column":39}},"16":{"start":{"line":42,"column":16},"end":{"line":42,"column":50}}},"fnMap":{"0":{"name":"(anonymous_0)","decl":{"start":{"line":5,"column":4},"end":{"line":5,"column":5}},"loc":{"start":{"line":5,"column":16},"end":{"line":17,"column":5}},"line":5},"1":{"name":"(anonymous_1)","decl":{"start":{"line":31,"column":17},"end":{"line":31,"column":18}},"loc":{"start":{"line":31,"column":30},"end":{"line":44,"column":3}},"line":31},"2":{"name":"(anonymous_2)","decl":{"start":{"line":33,"column":46},"end":{"line":33,"column":47}},"loc":{"start":{"line":33,"column":57},"end":{"line":35,"column":13}},"line":33},"3":{"name":"(anonymous_3)","decl":{"start":{"line":36,"column":48},"end":{"line":36,"column":49}},"loc":{"start":{"line":36,"column":67},"end":{"line":39,"column":13}},"line":36},"4":{"name":"(anonymous_4)","decl":{"start":{"line":40,"column":47},"end":{"line":40,"column":48}},"loc":{"start":{"line":40,"column":66},"end":{"line":43,"column":13}},"line":40}},"branchMap":{"0":{"loc":{"start":{"line":8,"column":12},"end":{"line":10,"column":13}},"type":"if","locations":[{"start":{"line":8,"column":12},"end":{"line":10,"column":13}},{"start":{},"end":{}}],"line":8}},"s":{"0":2,"1":0,"2":0,"3":0,"4":0,"5":0,"6":0,"7":0,"8":0,"9":2,"10":2,"11":2,"12":0,"13":0,"14":0,"15":0,"16":0},"f":{"0":0,"1":2,"2":0,"3":0,"4":0},"b":{"0":[0,0]},"_coverageSchema":"1a1c01bbd47fc00a2c39e90264f33305004495a9","hash":"c2508d752e859d0b5ad780b2c9f9277ab605363f"}
,"C:\\Users\\olzas\\Downloads\\final-epam\\cv-app\\src\\features\\skills\\skillsSlice.js": {"path":"C:\\Users\\olzas\\Downloads\\final-epam\\cv-app\\src\\features\\skills\\skillsSlice.js","statementMap":{"0":{"start":{"line":3,"column":21},"end":{"line":7,"column":1}},"1":{"start":{"line":9,"column":27},"end":{"line":24,"column":1}},"2":{"start":{"line":12,"column":8},"end":{"line":22,"column":9}},"3":{"start":{"line":13,"column":29},"end":{"line":13,"column":55}},"4":{"start":{"line":14,"column":12},"end":{"line":16,"column":13}},"5":{"start":{"line":15,"column":16},"end":{"line":15,"column":74}},"6":{"start":{"line":17,"column":25},"end":{"line":17,"column":46}},"7":{"start":{"line":18,"column":12},"end":{"line":18,"column":30}},"8":{"start":{"line":20,"column":12},"end":{"line":20,"column":49}},"9":{"start":{"line":21,"column":12},"end":{"line":21,"column":24}},"10":{"start":{"line":26,"column":24},"end":{"line":47,"column":1}},"11":{"start":{"line":29,"column":8},"end":{"line":45,"column":9}},"12":{"start":{"line":30,"column":29},"end":{"line":36,"column":14}},"13":{"start":{"line":37,"column":12},"end":{"line":39,"column":13}},"14":{"start":{"line":38,"column":16},"end":{"line":38,"column":74}},"15":{"start":{"line":40,"column":25},"end":{"line":40,"column":46}},"16":{"start":{"line":41,"column":12},"end":{"line":41,"column":29}},"17":{"start":{"line":43,"column":12},"end":{"line":43,"column":49}},"18":{"start":{"line":44,"column":12},"end":{"line":44,"column":24}},"19":{"start":{"line":49,"column":20},"end":{"line":70,"column":2}},"20":{"start":{"line":54,"column":8},"end":{"line":68,"column":14}},"21":{"start":{"line":56,"column":16},"end":{"line":56,"column":40}},"22":{"start":{"line":59,"column":16},"end":{"line":59,"column":42}},"23":{"start":{"line":60,"column":16},"end":{"line":60,"column":44}},"24":{"start":{"line":63,"column":16},"end":{"line":63,"column":39}},"25":{"start":{"line":64,"column":16},"end":{"line":64,"column":44}},"26":{"start":{"line":67,"column":16},"end":{"line":67,"column":48}}},"fnMap":{"0":{"name":"(anonymous_0)","decl":{"start":{"line":11,"column":4},"end":{"line":11,"column":5}},"loc":{"start":{"line":11,"column":16},"end":{"line":23,"column":5}},"line":11},"1":{"name":"(anonymous_1)","decl":{"start":{"line":28,"column":4},"end":{"line":28,"column":5}},"loc":{"start":{"line":28,"column":21},"end":{"line":46,"column":5}},"line":28},"2":{"name":"(anonymous_2)","decl":{"start":{"line":53,"column":19},"end":{"line":53,"column":20}},"loc":{"start":{"line":53,"column":32},"end":{"line":69,"column":5}},"line":53},"3":{"name":"(anonymous_3)","decl":{"start":{"line":55,"column":42},"end":{"line":55,"column":43}},"loc":{"start":{"line":55,"column":53},"end":{"line":57,"column":13}},"line":55},"4":{"name":"(anonymous_4)","decl":{"start":{"line":58,"column":44},"end":{"line":58,"column":45}},"loc":{"start":{"line":58,"column":63},"end":{"line":61,"column":13}},"line":58},"5":{"name":"(anonymous_5)","decl":{"start":{"line":62,"column":43},"end":{"line":62,"column":44}},"loc":{"start":{"line":62,"column":62},"end":{"line":65,"column":13}},"line":62},"6":{"name":"(anonymous_6)","decl":{"start":{"line":66,"column":41},"end":{"line":66,"column":42}},"loc":{"start":{"line":66,"column":60},"end":{"line":68,"column":13}},"line":66}},"branchMap":{"0":{"loc":{"start":{"line":14,"column":12},"end":{"line":16,"column":13}},"type":"if","locations":[{"start":{"line":14,"column":12},"end":{"line":16,"column":13}},{"start":{},"end":{}}],"line":14},"1":{"loc":{"start":{"line":37,"column":12},"end":{"line":39,"column":13}},"type":"if","locations":[{"start":{"line":37,"column":12},"end":{"line":39,"column":13}},{"start":{},"end":{}}],"line":37}},"s":{"0":2,"1":2,"2":0,"3":0,"4":0,"5":0,"6":0,"7":0,"8":0,"9":0,"10":2,"11":0,"12":0,"13":0,"14":0,"15":0,"16":0,"17":0,"18":0,"19":2,"20":2,"21":0,"22":0,"23":0,"24":0,"25":0,"26":0},"f":{"0":0,"1":0,"2":2,"3":0,"4":0,"5":0,"6":0},"b":{"0":[0,0],"1":[0,0]},"_coverageSchema":"1a1c01bbd47fc00a2c39e90264f33305004495a9","hash":"27983290c327f57e7b22696872baf17a49b2ecce"}
,"C:\\Users\\olzas\\Downloads\\final-epam\\cv-app\\src\\pages\\Home\\Home.jsx": {"path":"C:\\Users\\olzas\\Downloads\\final-epam\\cv-app\\src\\pages\\Home\\Home.jsx","statementMap":{"0":{"start":{"line":7,"column":21},"end":{"line":7,"column":34}},"1":{"start":{"line":8,"column":24},"end":{"line":10,"column":5}},"2":{"start":{"line":9,"column":8},"end":{"line":9,"column":25}},"3":{"start":{"line":11,"column":4},"end":{"line":24,"column":6}}},"fnMap":{"0":{"name":"Home","decl":{"start":{"line":6,"column":24},"end":{"line":6,"column":28}},"loc":{"start":{"line":6,"column":31},"end":{"line":25,"column":1}},"line":6},"1":{"name":"(anonymous_1)","decl":{"start":{"line":8,"column":24},"end":{"line":8,"column":25}},"loc":{"start":{"line":8,"column":30},"end":{"line":10,"column":5}},"line":8}},"branchMap":{},"s":{"0":2,"1":2,"2":0,"3":2},"f":{"0":2,"1":0},"b":{},"_coverageSchema":"1a1c01bbd47fc00a2c39e90264f33305004495a9","hash":"7dc1f58cf8c858c962fb58b798e4a8efd144133c"}
,"C:\\Users\\olzas\\Downloads\\final-epam\\cv-app\\src\\pages\\Inner\\Inner.jsx": {"path":"C:\\Users\\olzas\\Downloads\\final-epam\\cv-app\\src\\pages\\Inner\\Inner.jsx","statementMap":{"0":{"start":{"line":12,"column":4},"end":{"line":37,"column":6}}},"fnMap":{"0":{"name":"Inner","decl":{"start":{"line":11,"column":24},"end":{"line":11,"column":29}},"loc":{"start":{"line":11,"column":32},"end":{"line":38,"column":1}},"line":11}},"branchMap":{},"s":{"0":3},"f":{"0":3},"b":{},"_coverageSchema":"1a1c01bbd47fc00a2c39e90264f33305004495a9","hash":"947a1a8bac6815e99747e1412fc17246ffb127f0"}
}
