TN:
SF:src\App.jsx
FN:8,App
FNF:1
FNH:1
FNDA:2,App
DA:9,2
LF:1
LH:1
BRF:0
BRH:0
end_of_record
TN:
SF:src\app\store.js
FNF:0
FNH:0
DA:5,2
LF:1
LH:1
BRF:0
BRH:0
end_of_record
TN:
SF:src\components\Address\Address.jsx
FN:2,Address
FNF:1
FNH:1
FNDA:3,Address
DA:3,3
LF:1
LH:1
BRF:0
BRH:0
end_of_record
TN:
SF:src\components\Box\Box.jsx
FN:2,Box
FNF:1
FNH:1
FNDA:3,Box
DA:3,3
LF:1
LH:1
BRF:0
BRH:0
end_of_record
TN:
SF:src\components\Button\Button.jsx
FN:2,Button
FNF:1
FNH:1
FNDA:7,Button
DA:3,7
LF:1
LH:1
BRF:0
BRH:0
end_of_record
TN:
SF:src\components\Expertise\Expertise.jsx
FN:3,Expertise
FN:7,(anonymous_1)
FNF:2
FNH:2
FNDA:2,Expertise
FNDA:4,(anonymous_1)
DA:4,2
DA:8,4
LF:2
LH:2
BRF:0
BRH:0
end_of_record
TN:
SF:src\components\Feedback\Feedback.jsx
FN:4,Feedback
FN:8,(anonymous_1)
FNF:2
FNH:2
FNDA:2,Feedback
FNDA:4,(anonymous_1)
DA:5,2
DA:9,4
LF:2
LH:2
BRF:0
BRH:0
end_of_record
TN:
SF:src\components\Info\Info.jsx
FN:3,Info
FNF:1
FNH:1
FNDA:5,Info
DA:4,5
LF:1
LH:1
BRF:0
BRH:0
end_of_record
TN:
SF:src\components\Navigation\Navigation.jsx
FN:3,Navigation
FNF:1
FNH:1
FNDA:1,Navigation
DA:4,1
LF:1
LH:1
BRF:0
BRH:0
end_of_record
TN:
SF:src\components\Panel\Panel.jsx
FN:18,Panel
FN:21,(anonymous_1)
FN:34,(anonymous_2)
FN:34,(anonymous_3)
FNF:4
FNH:1
FNDA:14,Panel
FNDA:0,(anonymous_1)
FNDA:0,(anonymous_2)
FNDA:0,(anonymous_3)
DA:9,3
DA:19,14
DA:20,12
DA:21,0
DA:23,0
DA:34,0
LF:6
LH:3
BRDA:25,0,0,0
BRDA:25,0,1,0
BRDA:27,1,0,0
BRDA:27,1,1,0
BRDA:31,2,0,0
BRDA:31,2,1,0
BRF:6
BRH:0
end_of_record
TN:
SF:src\components\PhotoBox\PhotoBox.jsx
FN:2,PhotoBox
FNF:1
FNH:1
FNDA:2,PhotoBox
DA:3,2
LF:1
LH:1
BRF:0
BRH:0
end_of_record
TN:
SF:src\components\Portfolio\Portfolio.jsx
FN:5,Portfolio
FN:9,(anonymous_1)
FN:18,(anonymous_2)
FN:26,(anonymous_3)
FN:34,(anonymous_4)
FN:41,(anonymous_5)
FN:48,(anonymous_6)
FNF:7
FNH:1
FNDA:2,Portfolio
FNDA:0,(anonymous_1)
FNDA:0,(anonymous_2)
FNDA:0,(anonymous_3)
FNDA:0,(anonymous_4)
FNDA:0,(anonymous_5)
FNDA:0,(anonymous_6)
DA:6,2
DA:7,2
DA:9,2
DA:10,0
DA:18,2
DA:19,0
DA:20,0
DA:26,2
DA:28,2
DA:34,0
DA:41,0
DA:48,0
LF:12
LH:6
BRDA:19,0,0,0
BRDA:19,0,1,0
BRDA:20,1,0,0
BRDA:20,1,1,0
BRDA:33,2,0,2
BRDA:33,2,1,0
BRDA:40,3,0,0
BRDA:40,3,1,2
BRDA:47,4,0,0
BRDA:47,4,1,2
BRF:10
BRH:3
end_of_record
TN:
SF:src\components\Skills\Skills.jsx
FN:18,Skills
FN:20,(anonymous_1)
FN:23,(anonymous_2)
FN:27,(anonymous_3)
FN:41,(anonymous_4)
FN:64,(anonymous_5)
FN:111,(anonymous_6)
FNF:7
FNH:2
FNDA:2,Skills
FNDA:4,(anonymous_1)
FNDA:0,(anonymous_2)
FNDA:0,(anonymous_3)
FNDA:0,(anonymous_4)
FNDA:0,(anonymous_5)
FNDA:0,(anonymous_6)
DA:8,2
DA:19,2
DA:20,4
DA:21,2
DA:23,2
DA:24,0
DA:27,2
DA:28,0
DA:29,0
DA:30,0
DA:31,0
DA:33,0
DA:37,2
DA:41,0
DA:65,0
DA:112,0
LF:16
LH:7
BRDA:55,0,0,2
BRDA:55,0,1,0
BRDA:75,1,0,0
BRDA:75,1,1,0
BRDA:75,2,0,0
BRDA:75,2,1,0
BRDA:78,3,0,0
BRDA:78,3,1,0
BRDA:78,3,2,0
BRDA:91,4,0,0
BRDA:91,4,1,0
BRDA:91,5,0,0
BRDA:91,5,1,0
BRDA:94,6,0,0
BRDA:94,6,1,0
BRDA:94,6,2,0
BRDA:102,7,0,0
BRDA:102,7,1,0
BRF:18
BRH:1
end_of_record
TN:
SF:src\components\Timeline\Timeline.jsx
FN:6,Timeline
FN:8,(anonymous_1)
FN:10,(anonymous_2)
FN:47,(anonymous_3)
FNF:4
FNH:2
FNDA:2,Timeline
FNDA:4,(anonymous_1)
FNDA:0,(anonymous_2)
FNDA:0,(anonymous_3)
DA:7,2
DA:8,4
DA:10,2
DA:11,0
DA:14,2
DA:15,0
DA:31,2
DA:32,0
DA:42,2
DA:48,0
LF:10
LH:6
BRDA:14,0,0,0
BRDA:14,0,1,2
BRDA:31,1,0,0
BRDA:31,1,1,2
BRDA:47,2,0,2
BRDA:47,2,1,2
BRF:6
BRH:4
end_of_record
TN:
SF:src\features\education\educationSlice.js
FN:5,(anonymous_0)
FN:31,(anonymous_1)
FN:33,(anonymous_2)
FN:36,(anonymous_3)
FN:40,(anonymous_4)
FNF:5
FNH:1
FNDA:0,(anonymous_0)
FNDA:2,(anonymous_1)
FNDA:0,(anonymous_2)
FNDA:0,(anonymous_3)
FNDA:0,(anonymous_4)
DA:3,2
DA:6,0
DA:7,0
DA:8,0
DA:9,0
DA:11,0
DA:12,0
DA:14,0
DA:15,0
DA:21,2
DA:27,2
DA:32,2
DA:34,0
DA:37,0
DA:38,0
DA:41,0
DA:42,0
LF:17
LH:4
BRDA:8,0,0,0
BRDA:8,0,1,0
BRF:2
BRH:0
end_of_record
TN:
SF:src\features\skills\skillsSlice.js
FN:11,(anonymous_0)
FN:28,(anonymous_1)
FN:53,(anonymous_2)
FN:55,(anonymous_3)
FN:58,(anonymous_4)
FN:62,(anonymous_5)
FN:66,(anonymous_6)
FNF:7
FNH:1
FNDA:0,(anonymous_0)
FNDA:0,(anonymous_1)
FNDA:2,(anonymous_2)
FNDA:0,(anonymous_3)
FNDA:0,(anonymous_4)
FNDA:0,(anonymous_5)
FNDA:0,(anonymous_6)
DA:3,2
DA:9,2
DA:12,0
DA:13,0
DA:14,0
DA:15,0
DA:17,0
DA:18,0
DA:20,0
DA:21,0
DA:26,2
DA:29,0
DA:30,0
DA:37,0
DA:38,0
DA:40,0
DA:41,0
DA:43,0
DA:44,0
DA:49,2
DA:54,2
DA:56,0
DA:59,0
DA:60,0
DA:63,0
DA:64,0
DA:67,0
LF:27
LH:5
BRDA:14,0,0,0
BRDA:14,0,1,0
BRDA:37,1,0,0
BRDA:37,1,1,0
BRF:4
BRH:0
end_of_record
TN:
SF:src\pages\Home\Home.jsx
FN:6,Home
FN:8,(anonymous_1)
FNF:2
FNH:1
FNDA:2,Home
FNDA:0,(anonymous_1)
DA:7,2
DA:8,2
DA:9,0
DA:11,2
LF:4
LH:3
BRF:0
BRH:0
end_of_record
TN:
SF:src\pages\Inner\Inner.jsx
FN:11,Inner
FNF:1
FNH:1
FNDA:3,Inner
DA:12,3
LF:1
LH:1
BRF:0
BRH:0
end_of_record
